{
  "RSpec": {
    "coverage": {
      "/Users/TonGarcia/Documents/projs/rails/EasyLaunchesServer/config/environment.rb": [
        null,
        1,
        null,
        null,
        1
      ],
      "/Users/TonGarcia/Documents/projs/rails/EasyLaunchesServer/config/application.rb": [
        1,
        null,
        null,
        1,
        1,
        1,
        1,
        1,
        1,
        null,
        null,
        null,
        null,
        1,
        null,
        1,
        1,
        null,
        null,
        null,
        null,
        null,
        null,
        null,
        null,
        null,
        null,
        null,
        null,
        1,
        null,
        null
      ],
      "/Users/TonGarcia/Documents/projs/rails/EasyLaunchesServer/config/boot.rb": [
        null,
        1,
        null,
        1
      ],
      "/Users/TonGarcia/Documents/projs/rails/EasyLaunchesServer/config/environments/test.rb": [
        1,
        null,
        null,
        null,
        null,
        null,
        null,
        1,
        null,
        null,
        null,
        null,
        1,
        null,
        null,
        1,
        1,
        null,
        null,
        1,
        1,
        null,
        null,
        1,
        null,
        null,
        1,
        null,
        null,
        null,
        null,
        1,
        null,
        null,
        1,
        null,
        null,
        null,
        null
      ],
      "/Users/TonGarcia/Documents/projs/rails/EasyLaunchesServer/config/initializers/backtrace_silencers.rb": [
        null,
        null,
        null,
        null,
        null,
        null,
        null
      ],
      "/Users/TonGarcia/Documents/projs/rails/EasyLaunchesServer/config/initializers/cookies_serializer.rb": [
        null,
        null,
        1
      ],
      "/Users/TonGarcia/Documents/projs/rails/EasyLaunchesServer/config/initializers/filter_parameter_logging.rb": [
        null,
        null,
        null,
        1
      ],
      "/Users/TonGarcia/Documents/projs/rails/EasyLaunchesServer/config/initializers/inflections.rb": [
        null,
        null,
        null,
        null,
        null,
        null,
        null,
        null,
        null,
        null,
        null,
        null,
        null,
        null,
        null,
        null,
        null,
        1,
        1,
        null
      ],
      "/Users/TonGarcia/Documents/projs/rails/EasyLaunchesServer/config/initializers/mime_types.rb": [
        null,
        null,
        null,
        null
      ],
      "/Users/TonGarcia/Documents/projs/rails/EasyLaunchesServer/config/initializers/session_store.rb": [
        null,
        null,
        1
      ],
      "/Users/TonGarcia/Documents/projs/rails/EasyLaunchesServer/config/initializers/wrap_parameters.rb": [
        null,
        null,
        null,
        null,
        null,
        null,
        1,
        1,
        null,
        null,
        null,
        null,
        null,
        null
      ],
      "/Users/TonGarcia/Documents/projs/rails/EasyLaunchesServer/spec/factories/audits.rb": [
        null,
        null,
        1,
        1,
        1,
        1,
        1,
        null,
        null
      ],
      "/Users/TonGarcia/Documents/projs/rails/EasyLaunchesServer/spec/factories/finance_manager_sessions.rb": [
        null,
        null,
        1,
        1,
        1,
        1,
        1,
        null,
        null
      ],
      "/Users/TonGarcia/Documents/projs/rails/EasyLaunchesServer/spec/factories/finance_managers.rb": [
        null,
        null,
        1,
        1,
        1,
        1,
        null,
        null
      ],
      "/Users/TonGarcia/Documents/projs/rails/EasyLaunchesServer/spec/factories/transaction_types.rb": [
        null,
        null,
        1,
        1,
        1,
        null,
        null
      ],
      "/Users/TonGarcia/Documents/projs/rails/EasyLaunchesServer/spec/factories/transactions.rb": [
        null,
        null,
        1,
        1,
        1,
        1,
        1,
        1,
        1,
        1,
        null,
        null
      ],
      "/Users/TonGarcia/Documents/projs/rails/EasyLaunchesServer/spec/factories/users.rb": [
        null,
        null,
        1,
        1,
        1,
        1,
        null,
        null
      ],
      "/Users/TonGarcia/Documents/projs/rails/EasyLaunchesServer/config/routes.rb": [
        1,
        1,
        null,
        1,
        null,
        1,
        1,
        null,
        null,
        null,
        1,
        null,
        null,
        null,
        null,
        null,
        null,
        null,
        null,
        null,
        null,
        null,
        null,
        null,
        null,
        null,
        null,
        null,
        null,
        null,
        null,
        null,
        null,
        null,
        null,
        null,
        null,
        null,
        null,
        null,
        null,
        null,
        null,
        null,
        null,
        null,
        null,
        null,
        null,
        null,
        null,
        null,
        null,
        null,
        null,
        null,
        null,
        null,
        null,
        null,
        null,
        null,
        null,
        null,
        null,
        null,
        null,
        null,
        null,
        null,
        null
      ],
      "/Users/TonGarcia/Documents/projs/rails/EasyLaunchesServer/app/helpers/application_helper.rb": [
        1,
        null
      ],
      "/Users/TonGarcia/Documents/projs/rails/EasyLaunchesServer/app/helpers/landing_page_helper.rb": [
        1,
        null
      ],
      "/Users/TonGarcia/Documents/projs/rails/EasyLaunchesServer/app/controllers/landing_page_controller.rb": [
        1,
        1,
        null,
        1,
        null,
        null,
        1,
        1,
        0,
        0,
        null,
        null
      ],
      "/Users/TonGarcia/Documents/projs/rails/EasyLaunchesServer/app/controllers/application_controller.rb": [
        1,
        null,
        null,
        1,
        null
      ],
      "/Users/TonGarcia/Documents/projs/rails/EasyLaunchesServer/spec/controllers/transactions_controller_spec.rb": [
        1,
        null,
        1,
        null,
        0,
        0,
        0,
        0,
        null,
        null,
        null,
        null
      ]
    },
    "timestamp": 1403539704
  }
}
